[debug] [2023-05-08T13:42:08.962Z] ----------------------------------------------------------------------
[debug] [2023-05-08T13:42:08.973Z] Command:       C:\Program Files\nodejs\node.exe C:\Users\HP\Desktop\websites\self buit projects from others ideass\javascript_mastery_e_commerce-\node_modules\firebase-tools\lib\bin\firebase.js emulators:start --only auth
[debug] [2023-05-08T13:42:08.975Z] CLI Version:   11.30.0
[debug] [2023-05-08T13:42:08.976Z] Platform:      win32
[debug] [2023-05-08T13:42:08.976Z] Node Version:  v16.13.1
[debug] [2023-05-08T13:42:08.979Z] Time:          Mon May 08 2023 14:42:08 GMT+0100 (West Africa Standard Time)
[debug] [2023-05-08T13:42:08.980Z] ----------------------------------------------------------------------
[debug] 
[debug] [2023-05-08T13:42:09.840Z] > command requires scopes: ["email","openid","https://www.googleapis.com/auth/cloudplatformprojects.readonly","https://www.googleapis.com/auth/firebase","https://www.googleapis.com/auth/cloud-platform"]
[debug] [2023-05-08T13:42:09.842Z] > authorizing via signed-in user (ovuobachidera18@gmail.com)
[info] i  emulators: Starting emulators: auth {"metadata":{"emulator":{"name":"hub"},"message":"Starting emulators: auth"}}
[debug] [2023-05-08T13:42:09.970Z] [logging] Logging Emulator only supports listening on one address (127.0.0.1). Not listening on ::1
[debug] [2023-05-08T13:42:09.971Z] [auth] Authentication Emulator only supports listening on one address (127.0.0.1). Not listening on ::1
[debug] [2023-05-08T13:42:09.972Z] assigned listening specs for emulators {"user":{"hub":[{"address":"127.0.0.1","family":"IPv4","port":4400},{"address":"::1","family":"IPv6","port":4400}],"ui":[{"address":"127.0.0.1","family":"IPv4","port":4000},{"address":"::1","family":"IPv6","port":4000}],"logging":[{"address":"127.0.0.1","family":"IPv4","port":4500}],"auth":[{"address":"127.0.0.1","family":"IPv4","port":9099}]},"metadata":{"message":"assigned listening specs for emulators"}}
[debug] [2023-05-08T13:42:10.000Z] [hub] writing locator at C:\Users\HP\AppData\Local\Temp\hub-ecommerce-f6c82.json
[info] i  ui: downloading ui-v1.11.6.zip... {"metadata":{"emulator":{"name":"ui"},"message":"downloading ui-v1.11.6.zip..."}}
[debug] [2023-05-08T13:42:46.113Z] >>> [apiv2][query] GET https://storage.googleapis.com/firebase-preview-drop/emulator/ui-v1.11.6.zip 
[debug] [2023-05-08T13:42:46.624Z] <<< [apiv2][status] GET https://storage.googleapis.com/firebase-preview-drop/emulator/ui-v1.11.6.zip 200
[debug] [2023-05-08T13:42:46.624Z] <<< [apiv2][body] GET https://storage.googleapis.com/firebase-preview-drop/emulator/ui-v1.11.6.zip [stream]
[debug] [2023-05-08T13:42:49.877Z] Data is 3063444
[debug] [2023-05-08T13:42:49.884Z] [unzip] Entry: client/ (compressed_size=0 bytes, uncompressed_size=0 bytes)
[debug] [2023-05-08T13:42:49.885Z] [unzip] Processing entry: client\
[debug] [2023-05-08T13:42:49.891Z] [unzip] mkdir: C:\Users\HP\.cache\firebase\emulators\ui-v1.11.6\client\
[debug] [2023-05-08T13:42:49.899Z] [unzip] Entry: client/favicon.ico (compressed_size=2497 bytes, uncompressed_size=7406 bytes)
[debug] [2023-05-08T13:42:49.899Z] [unzip] Processing entry: client\favicon.ico
[debug] [2023-05-08T13:42:49.900Z] [unzip] else mkdir: C:\Users\HP\.cache\firebase\emulators\ui-v1.11.6\client
[debug] [2023-05-08T13:42:49.901Z] [unzip] deflating: C:\Users\HP\.cache\firebase\emulators\ui-v1.11.6\client\favicon.ico
[debug] [2023-05-08T13:42:50.013Z] [unzip] Entry: client/apple-touch-icon.png (compressed_size=7231 bytes, uncompressed_size=7367 bytes)
[debug] [2023-05-08T13:42:50.016Z] [unzip] Processing entry: client\apple-touch-icon.png
[debug] [2023-05-08T13:42:50.016Z] [unzip] else mkdir: C:\Users\HP\.cache\firebase\emulators\ui-v1.11.6\client
[debug] [2023-05-08T13:42:50.023Z] [unzip] deflating: C:\Users\HP\.cache\firebase\emulators\ui-v1.11.6\client\apple-touch-icon.png
[debug] [2023-05-08T13:42:50.029Z] [unzip] Entry: client/android-chrome-512x512.png (compressed_size=16987 bytes, uncompressed_size=18186 bytes)
[debug] [2023-05-08T13:42:50.029Z] [unzip] Processing entry: client\android-chrome-512x512.png
[debug] [2023-05-08T13:42:50.030Z] [unzip] else mkdir: C:\Users\HP\.cache\firebase\emulators\ui-v1.11.6\client
[debug] [2023-05-08T13:42:50.032Z] [unzip] deflating: C:\Users\HP\.cache\firebase\emulators\ui-v1.11.6\client\android-chrome-512x512.png
[debug] [2023-05-08T13:42:50.047Z] [unzip] Entry: client/assets/ (compressed_size=0 bytes, uncompressed_size=0 bytes)
[debug] [2023-05-08T13:42:50.048Z] [unzip] Processing entry: client\assets\
[debug] [2023-05-08T13:42:50.048Z] [unzip] mkdir: C:\Users\HP\.cache\firebase\emulators\ui-v1.11.6\client\assets\
[debug] [2023-05-08T13:42:50.063Z] [unzip] Entry: client/assets/extensions/ (compressed_size=0 bytes, uncompressed_size=0 bytes)
[debug] [2023-05-08T13:42:50.063Z] [unzip] Processing entry: client\assets\extensions\
[debug] [2023-05-08T13:42:50.064Z] [unzip] mkdir: C:\Users\HP\.cache\firebase\emulators\ui-v1.11.6\client\assets\extensions\
[debug] [2023-05-08T13:42:50.067Z] [unzip] Entry: client/assets/extensions/default-extension.png (compressed_size=1646 bytes, uncompressed_size=1657 bytes)
[debug] [2023-05-08T13:42:50.067Z] [unzip] Processing entry: client\assets\extensions\default-extension.png
[debug] [2023-05-08T13:42:50.067Z] [unzip] else mkdir: C:\Users\HP\.cache\firebase\emulators\ui-v1.11.6\client\assets\extensions
[debug] [2023-05-08T13:42:50.068Z] [unzip] deflating: C:\Users\HP\.cache\firebase\emulators\ui-v1.11.6\client\assets\extensions\default-extension.png
[debug] [2023-05-08T13:42:50.083Z] [unzip] Entry: client/assets/index.85584c3f.js (compressed_size=526096 bytes, uncompressed_size=1859818 bytes)
[debug] [2023-05-08T13:42:50.084Z] [unzip] Processing entry: client\assets\index.85584c3f.js
[debug] [2023-05-08T13:42:50.084Z] [unzip] else mkdir: C:\Users\HP\.cache\firebase\emulators\ui-v1.11.6\client\assets
[debug] [2023-05-08T13:42:50.084Z] [unzip] deflating: C:\Users\HP\.cache\firebase\emulators\ui-v1.11.6\client\assets\index.85584c3f.js
[debug] [2023-05-08T13:42:50.165Z] [unzip] Entry: client/assets/provider-icons/ (compressed_size=0 bytes, uncompressed_size=0 bytes)
[debug] [2023-05-08T13:42:50.165Z] [unzip] Processing entry: client\assets\provider-icons\
[debug] [2023-05-08T13:42:50.166Z] [unzip] mkdir: C:\Users\HP\.cache\firebase\emulators\ui-v1.11.6\client\assets\provider-icons\
[debug] [2023-05-08T13:42:50.167Z] [unzip] Entry: client/assets/provider-icons/auth_service_oidc.svg (compressed_size=414 bytes, uncompressed_size=858 bytes)
[debug] [2023-05-08T13:42:50.167Z] [unzip] Processing entry: client\assets\provider-icons\auth_service_oidc.svg
[debug] [2023-05-08T13:42:50.167Z] [unzip] else mkdir: C:\Users\HP\.cache\firebase\emulators\ui-v1.11.6\client\assets\provider-icons
[debug] [2023-05-08T13:42:50.168Z] [unzip] deflating: C:\Users\HP\.cache\firebase\emulators\ui-v1.11.6\client\assets\provider-icons\auth_service_oidc.svg
[debug] [2023-05-08T13:42:50.178Z] [unzip] Entry: client/assets/provider-icons/auth_service_yahoo.svg (compressed_size=577 bytes, uncompressed_size=1182 bytes)
[debug] [2023-05-08T13:42:50.178Z] [unzip] Processing entry: client\assets\provider-icons\auth_service_yahoo.svg
[debug] [2023-05-08T13:42:50.179Z] [unzip] else mkdir: C:\Users\HP\.cache\firebase\emulators\ui-v1.11.6\client\assets\provider-icons
[debug] [2023-05-08T13:42:50.180Z] [unzip] deflating: C:\Users\HP\.cache\firebase\emulators\ui-v1.11.6\client\assets\provider-icons\auth_service_yahoo.svg
[debug] [2023-05-08T13:42:50.183Z] [unzip] Entry: client/assets/provider-icons/auth_service_phone.svg (compressed_size=261 bytes, uncompressed_size=414 bytes)
[debug] [2023-05-08T13:42:50.183Z] [unzip] Processing entry: client\assets\provider-icons\auth_service_phone.svg
[debug] [2023-05-08T13:42:50.184Z] [unzip] else mkdir: C:\Users\HP\.cache\firebase\emulators\ui-v1.11.6\client\assets\provider-icons
[debug] [2023-05-08T13:42:50.184Z] [unzip] deflating: C:\Users\HP\.cache\firebase\emulators\ui-v1.11.6\client\assets\provider-icons\auth_service_phone.svg
[debug] [2023-05-08T13:42:50.196Z] [unzip] Entry: client/assets/provider-icons/auth_service_saml.svg (compressed_size=575 bytes, uncompressed_size=1226 bytes)
[debug] [2023-05-08T13:42:50.196Z] [unzip] Processing entry: client\assets\provider-icons\auth_service_saml.svg
[debug] [2023-05-08T13:42:50.197Z] [unzip] else mkdir: C:\Users\HP\.cache\firebase\emulators\ui-v1.11.6\client\assets\provider-icons
[debug] [2023-05-08T13:42:50.198Z] [unzip] deflating: C:\Users\HP\.cache\firebase\emulators\ui-v1.11.6\client\assets\provider-icons\auth_service_saml.svg
[debug] [2023-05-08T13:42:50.211Z] [unzip] Entry: client/assets/provider-icons/auth_service_mslive.svg (compressed_size=203 bytes, uncompressed_size=378 bytes)
[debug] [2023-05-08T13:42:50.211Z] [unzip] Processing entry: client\assets\provider-icons\auth_service_mslive.svg
[debug] [2023-05-08T13:42:50.212Z] [unzip] else mkdir: C:\Users\HP\.cache\firebase\emulators\ui-v1.11.6\client\assets\provider-icons
[debug] [2023-05-08T13:42:50.213Z] [unzip] deflating: C:\Users\HP\.cache\firebase\emulators\ui-v1.11.6\client\assets\provider-icons\auth_service_mslive.svg
[debug] [2023-05-08T13:42:50.218Z] [unzip] Entry: client/assets/provider-icons/auth_service_facebook.svg (compressed_size=289 bytes, uncompressed_size=457 bytes)
[debug] [2023-05-08T13:42:50.218Z] [unzip] Processing entry: client\assets\provider-icons\auth_service_facebook.svg
[debug] [2023-05-08T13:42:50.218Z] [unzip] else mkdir: C:\Users\HP\.cache\firebase\emulators\ui-v1.11.6\client\assets\provider-icons
[debug] [2023-05-08T13:42:50.222Z] [unzip] deflating: C:\Users\HP\.cache\firebase\emulators\ui-v1.11.6\client\assets\provider-icons\auth_service_facebook.svg
[debug] [2023-05-08T13:42:50.226Z] [unzip] Entry: client/assets/provider-icons/auth_service_play_games.svg (compressed_size=565 bytes, uncompressed_size=1173 bytes)
[debug] [2023-05-08T13:42:50.227Z] [unzip] Processing entry: client\assets\provider-icons\auth_service_play_games.svg
[debug] [2023-05-08T13:42:50.227Z] [unzip] else mkdir: C:\Users\HP\.cache\firebase\emulators\ui-v1.11.6\client\assets\provider-icons
[debug] [2023-05-08T13:42:50.228Z] [unzip] deflating: C:\Users\HP\.cache\firebase\emulators\ui-v1.11.6\client\assets\provider-icons\auth_service_play_games.svg
[debug] [2023-05-08T13:42:50.232Z] [unzip] Entry: client/assets/provider-icons/auth_service_github.svg (compressed_size=466 bytes, uncompressed_size=838 bytes)
[debug] [2023-05-08T13:42:50.233Z] [unzip] Processing entry: client\assets\provider-icons\auth_service_github.svg
[debug] [2023-05-08T13:42:50.233Z] [unzip] else mkdir: C:\Users\HP\.cache\firebase\emulators\ui-v1.11.6\client\assets\provider-icons
[debug] [2023-05-08T13:42:50.234Z] [unzip] deflating: C:\Users\HP\.cache\firebase\emulators\ui-v1.11.6\client\assets\provider-icons\auth_service_github.svg
[debug] [2023-05-08T13:42:50.239Z] [unzip] Entry: client/assets/provider-icons/auth_service_apple.svg (compressed_size=230 bytes, uncompressed_size=334 bytes)
[debug] [2023-05-08T13:42:50.239Z] [unzip] Processing entry: client\assets\provider-icons\auth_service_apple.svg
[debug] [2023-05-08T13:42:50.240Z] [unzip] else mkdir: C:\Users\HP\.cache\firebase\emulators\ui-v1.11.6\client\assets\provider-icons
[debug] [2023-05-08T13:42:50.241Z] [unzip] deflating: C:\Users\HP\.cache\firebase\emulators\ui-v1.11.6\client\assets\provider-icons\auth_service_apple.svg
[debug] [2023-05-08T13:42:50.244Z] [unzip] Entry: client/assets/provider-icons/auth_service_google.svg (compressed_size=409 bytes, uncompressed_size=720 bytes)
[debug] [2023-05-08T13:42:50.245Z] [unzip] Processing entry: client\assets\provider-icons\auth_service_google.svg
[debug] [2023-05-08T13:42:50.245Z] [unzip] else mkdir: C:\Users\HP\.cache\firebase\emulators\ui-v1.11.6\client\assets\provider-icons
[debug] [2023-05-08T13:42:50.246Z] [unzip] deflating: C:\Users\HP\.cache\firebase\emulators\ui-v1.11.6\client\assets\provider-icons\auth_service_google.svg
[debug] [2023-05-08T13:42:50.250Z] [unzip] Entry: client/assets/provider-icons/auth_service_email.svg (compressed_size=228 bytes, uncompressed_size=326 bytes)
[debug] [2023-05-08T13:42:50.250Z] [unzip] Processing entry: client\assets\provider-icons\auth_service_email.svg
[debug] [2023-05-08T13:42:50.250Z] [unzip] else mkdir: C:\Users\HP\.cache\firebase\emulators\ui-v1.11.6\client\assets\provider-icons
[debug] [2023-05-08T13:42:50.252Z] [unzip] deflating: C:\Users\HP\.cache\firebase\emulators\ui-v1.11.6\client\assets\provider-icons\auth_service_email.svg
[debug] [2023-05-08T13:42:50.347Z] [unzip] Entry: client/assets/provider-icons/auth_service_twitter.svg (compressed_size=444 bytes, uncompressed_size=751 bytes)
[debug] [2023-05-08T13:42:50.357Z] [unzip] Processing entry: client\assets\provider-icons\auth_service_twitter.svg
[debug] [2023-05-08T13:42:50.357Z] [unzip] else mkdir: C:\Users\HP\.cache\firebase\emulators\ui-v1.11.6\client\assets\provider-icons
[debug] [2023-05-08T13:42:50.359Z] [unzip] deflating: C:\Users\HP\.cache\firebase\emulators\ui-v1.11.6\client\assets\provider-icons\auth_service_twitter.svg
[debug] [2023-05-08T13:42:50.380Z] [unzip] Entry: client/assets/provider-icons/auth_service_game_center.svg (compressed_size=991 bytes, uncompressed_size=3921 bytes)
[debug] [2023-05-08T13:42:50.380Z] [unzip] Processing entry: client\assets\provider-icons\auth_service_game_center.svg
[debug] [2023-05-08T13:42:50.380Z] [unzip] else mkdir: C:\Users\HP\.cache\firebase\emulators\ui-v1.11.6\client\assets\provider-icons
[debug] [2023-05-08T13:42:50.381Z] [unzip] deflating: C:\Users\HP\.cache\firebase\emulators\ui-v1.11.6\client\assets\provider-icons\auth_service_game_center.svg
[debug] [2023-05-08T13:42:50.385Z] [unzip] Entry: client/assets/img/ (compressed_size=0 bytes, uncompressed_size=0 bytes)
[debug] [2023-05-08T13:42:50.387Z] [unzip] Processing entry: client\assets\img\
[debug] [2023-05-08T13:42:50.388Z] [unzip] mkdir: C:\Users\HP\.cache\firebase\emulators\ui-v1.11.6\client\assets\img\
[debug] [2023-05-08T13:42:50.389Z] [unzip] Entry: client/assets/img/database.png (compressed_size=29449 bytes, uncompressed_size=29988 bytes)
[debug] [2023-05-08T13:42:50.390Z] [unzip] Processing entry: client\assets\img\database.png
[debug] [2023-05-08T13:42:50.390Z] [unzip] else mkdir: C:\Users\HP\.cache\firebase\emulators\ui-v1.11.6\client\assets\img
[debug] [2023-05-08T13:42:50.391Z] [unzip] deflating: C:\Users\HP\.cache\firebase\emulators\ui-v1.11.6\client\assets\img\database.png
[debug] [2023-05-08T13:42:50.395Z] [unzip] Entry: client/assets/index.b9383ce5.css (compressed_size=37605 bytes, uncompressed_size=321268 bytes)
[debug] [2023-05-08T13:42:50.396Z] [unzip] Processing entry: client\assets\index.b9383ce5.css
[debug] [2023-05-08T13:42:50.396Z] [unzip] else mkdir: C:\Users\HP\.cache\firebase\emulators\ui-v1.11.6\client\assets
[debug] [2023-05-08T13:42:50.397Z] [unzip] deflating: C:\Users\HP\.cache\firebase\emulators\ui-v1.11.6\client\assets\index.b9383ce5.css
[debug] [2023-05-08T13:42:50.405Z] [unzip] Entry: client/assets/index.85584c3f.js.map (compressed_size=1778028 bytes, uncompressed_size=7960238 bytes)
[debug] [2023-05-08T13:42:50.406Z] [unzip] Processing entry: client\assets\index.85584c3f.js.map
[debug] [2023-05-08T13:42:50.406Z] [unzip] else mkdir: C:\Users\HP\.cache\firebase\emulators\ui-v1.11.6\client\assets
[debug] [2023-05-08T13:42:50.407Z] [unzip] deflating: C:\Users\HP\.cache\firebase\emulators\ui-v1.11.6\client\assets\index.85584c3f.js.map
[debug] [2023-05-08T13:42:50.698Z] [unzip] Entry: client/safari-pinned-tab.svg (compressed_size=838 bytes, uncompressed_size=1504 bytes)
[debug] [2023-05-08T13:42:50.699Z] [unzip] Processing entry: client\safari-pinned-tab.svg
[debug] [2023-05-08T13:42:50.699Z] [unzip] else mkdir: C:\Users\HP\.cache\firebase\emulators\ui-v1.11.6\client
[debug] [2023-05-08T13:42:50.701Z] [unzip] deflating: C:\Users\HP\.cache\firebase\emulators\ui-v1.11.6\client\safari-pinned-tab.svg
[debug] [2023-05-08T13:42:50.735Z] [unzip] Entry: client/mstile-150x150.png (compressed_size=5406 bytes, uncompressed_size=5723 bytes)
[debug] [2023-05-08T13:42:50.744Z] [unzip] Processing entry: client\mstile-150x150.png
[debug] [2023-05-08T13:42:50.744Z] [unzip] else mkdir: C:\Users\HP\.cache\firebase\emulators\ui-v1.11.6\client
[debug] [2023-05-08T13:42:50.746Z] [unzip] deflating: C:\Users\HP\.cache\firebase\emulators\ui-v1.11.6\client\mstile-150x150.png
[debug] [2023-05-08T13:42:50.757Z] [unzip] Entry: client/browserconfig.xml (compressed_size=491 bytes, uncompressed_size=822 bytes)
[debug] [2023-05-08T13:42:50.758Z] [unzip] Processing entry: client\browserconfig.xml
[debug] [2023-05-08T13:42:50.763Z] [unzip] else mkdir: C:\Users\HP\.cache\firebase\emulators\ui-v1.11.6\client
[debug] [2023-05-08T13:42:50.764Z] [unzip] deflating: C:\Users\HP\.cache\firebase\emulators\ui-v1.11.6\client\browserconfig.xml
[debug] [2023-05-08T13:42:50.768Z] [unzip] Entry: client/robots.txt (compressed_size=26 bytes, uncompressed_size=26 bytes)
[debug] [2023-05-08T13:42:50.770Z] [unzip] Processing entry: client\robots.txt
[debug] [2023-05-08T13:42:50.771Z] [unzip] else mkdir: C:\Users\HP\.cache\firebase\emulators\ui-v1.11.6\client
[debug] [2023-05-08T13:42:50.772Z] [unzip] Writing file: C:\Users\HP\.cache\firebase\emulators\ui-v1.11.6\client\robots.txt
[debug] [2023-05-08T13:42:50.776Z] [unzip] Entry: client/index.html (compressed_size=1363 bytes, uncompressed_size=3064 bytes)
[debug] [2023-05-08T13:42:50.776Z] [unzip] Processing entry: client\index.html
[debug] [2023-05-08T13:42:50.777Z] [unzip] else mkdir: C:\Users\HP\.cache\firebase\emulators\ui-v1.11.6\client
[debug] [2023-05-08T13:42:50.778Z] [unzip] deflating: C:\Users\HP\.cache\firebase\emulators\ui-v1.11.6\client\index.html
[debug] [2023-05-08T13:42:50.782Z] [unzip] Entry: client/favicon-16x16.png (compressed_size=757 bytes, uncompressed_size=777 bytes)
[debug] [2023-05-08T13:42:50.782Z] [unzip] Processing entry: client\favicon-16x16.png
[debug] [2023-05-08T13:42:50.782Z] [unzip] else mkdir: C:\Users\HP\.cache\firebase\emulators\ui-v1.11.6\client
[debug] [2023-05-08T13:42:50.783Z] [unzip] deflating: C:\Users\HP\.cache\firebase\emulators\ui-v1.11.6\client\favicon-16x16.png
[debug] [2023-05-08T13:42:50.788Z] [unzip] Entry: client/manifest.json (compressed_size=246 bytes, uncompressed_size=551 bytes)
[debug] [2023-05-08T13:42:50.788Z] [unzip] Processing entry: client\manifest.json
[debug] [2023-05-08T13:42:50.789Z] [unzip] else mkdir: C:\Users\HP\.cache\firebase\emulators\ui-v1.11.6\client
[debug] [2023-05-08T13:42:50.790Z] [unzip] deflating: C:\Users\HP\.cache\firebase\emulators\ui-v1.11.6\client\manifest.json
[debug] [2023-05-08T13:42:50.832Z] [unzip] Entry: client/favicon-32x32.png (compressed_size=1175 bytes, uncompressed_size=1175 bytes)
[debug] [2023-05-08T13:42:50.832Z] [unzip] Processing entry: client\favicon-32x32.png
[debug] [2023-05-08T13:42:50.833Z] [unzip] else mkdir: C:\Users\HP\.cache\firebase\emulators\ui-v1.11.6\client
[debug] [2023-05-08T13:42:50.833Z] [unzip] Writing file: C:\Users\HP\.cache\firebase\emulators\ui-v1.11.6\client\favicon-32x32.png
[debug] [2023-05-08T13:42:50.837Z] [unzip] Entry: client/android-chrome-192x192.png (compressed_size=7602 bytes, uncompressed_size=7834 bytes)
[debug] [2023-05-08T13:42:50.837Z] [unzip] Processing entry: client\android-chrome-192x192.png
[debug] [2023-05-08T13:42:50.837Z] [unzip] else mkdir: C:\Users\HP\.cache\firebase\emulators\ui-v1.11.6\client
[debug] [2023-05-08T13:42:50.838Z] [unzip] deflating: C:\Users\HP\.cache\firebase\emulators\ui-v1.11.6\client\android-chrome-192x192.png
[debug] [2023-05-08T13:42:50.842Z] [unzip] Entry: server/ (compressed_size=0 bytes, uncompressed_size=0 bytes)
[debug] [2023-05-08T13:42:50.842Z] [unzip] Processing entry: server\
[debug] [2023-05-08T13:42:50.842Z] [unzip] mkdir: C:\Users\HP\.cache\firebase\emulators\ui-v1.11.6\server\
[debug] [2023-05-08T13:42:50.844Z] [unzip] Entry: server/server.js (compressed_size=343746 bytes, uncompressed_size=1346374 bytes)
[debug] [2023-05-08T13:42:50.844Z] [unzip] Processing entry: server\server.js
[debug] [2023-05-08T13:42:50.844Z] [unzip] else mkdir: C:\Users\HP\.cache\firebase\emulators\ui-v1.11.6\server
[debug] [2023-05-08T13:42:50.845Z] [unzip] deflating: C:\Users\HP\.cache\firebase\emulators\ui-v1.11.6\server\server.js
[debug] [2023-05-08T13:42:50.875Z] [unzip] Entry: server/server.js.map (compressed_size=289157 bytes, uncompressed_size=1325651 bytes)
[debug] [2023-05-08T13:42:50.876Z] [unzip] Processing entry: server\server.js.map
[debug] [2023-05-08T13:42:50.876Z] [unzip] else mkdir: C:\Users\HP\.cache\firebase\emulators\ui-v1.11.6\server
[debug] [2023-05-08T13:42:50.877Z] [unzip] deflating: C:\Users\HP\.cache\firebase\emulators\ui-v1.11.6\server\server.js.map
[debug] [2023-05-08T13:42:50.908Z] Ignoring unsupported arg: auto_download {"metadata":{"emulator":{"name":"ui"},"message":"Ignoring unsupported arg: auto_download"}}
[debug] [2023-05-08T13:42:50.909Z] Ignoring unsupported arg: port {"metadata":{"emulator":{"name":"ui"},"message":"Ignoring unsupported arg: port"}}
[debug] [2023-05-08T13:42:50.909Z] Starting Emulator UI with command {"binary":"node","args":["C:\\Users\\HP\\.cache\\firebase\\emulators\\ui-v1.11.6\\server\\server.js"],"optionalArgs":[],"joinArgs":false} {"metadata":{"emulator":{"name":"ui"},"message":"Starting Emulator UI with command {\"binary\":\"node\",\"args\":[\"C:\\\\Users\\\\HP\\\\.cache\\\\firebase\\\\emulators\\\\ui-v1.11.6\\\\server\\\\server.js\"],\"optionalArgs\":[],\"joinArgs\":false}"}}
[info] i  ui: Emulator UI logging to ui-debug.log {"metadata":{"emulator":{"name":"ui"},"message":"Emulator UI logging to \u001b[1mui-debug.log\u001b[22m"}}
[debug] [2023-05-08T13:42:53.040Z] Web / API server started at 127.0.0.1:4000
Web / API server started at ::1:4000
 {"metadata":{"emulator":{"name":"ui"},"message":"Web / API server started at 127.0.0.1:4000\nWeb / API server started at ::1:4000\n"}}
[info] 
┌─────────────────────────────────────────────────────────────┐
│ ✔  All emulators ready! It is now safe to connect your app. │
│ i  View Emulator UI at http://127.0.0.1:4000/               │
└─────────────────────────────────────────────────────────────┘

┌────────────────┬────────────────┬────────────────────────────┐
│ Emulator       │ Host:Port      │ View in Emulator UI        │
├────────────────┼────────────────┼────────────────────────────┤
│ Authentication │ 127.0.0.1:9099 │ http://127.0.0.1:4000/auth │
└────────────────┴────────────────┴────────────────────────────┘
  Emulator Hub running at 127.0.0.1:4400
  Other reserved ports: 4500

Issues? Report them at https://github.com/firebase/firebase-tools/issues and attach the *-debug.log files.
 
